<?xml version="1.0" encoding="UTF-8"?>
<!-- Generated by org.testng.reporters.JUnitReportReporter -->
<testsuite skipped="0" hostname="DHJT" name="com.dhjt.util.MD5UtilTest" tests="1" failures="0" timestamp="31 十二月 2018 14:50:33 GMT" time="0.000" errors="0">
  <testcase name="testMD5" time="0.000" classname="com.dhjt.util.MD5UtilTest"/>
</testsuite> <!-- com.dhjt.util.MD5UtilTest -->
