<?xml version="1.0" encoding="UTF-8"?>
<!-- Generated by org.testng.reporters.JUnitReportReporter -->
<testsuite skipped="0" hostname="DHJT" name="org.dhjt.JarTest.AppNgTest" tests="2" failures="0" timestamp="30 十月 2018 02:40:31 GMT" time="0.009" errors="0">
  <testcase name="divisionWithException" time="0.007" classname="org.dhjt.JarTest.AppNgTest"/>
  <testcase name="testEmailGenerator" time="0.002" classname="org.dhjt.JarTest.AppNgTest"/>
</testsuite> <!-- org.dhjt.JarTest.AppNgTest -->
