<?xml version="1.0" encoding="UTF-8"?>
<!-- Generated by org.testng.reporters.JUnitReportReporter -->
<testsuite skipped="0" hostname="DHJT" name="org.demo.spring.TestSpring" tests="1" failures="0" timestamp="30 十月 2018 03:14:42 GMT" time="0.008" errors="0">
  <testcase name="testEmailGenerator" time="0.008" classname="org.demo.spring.TestSpring"/>
</testsuite> <!-- org.demo.spring.TestSpring -->
